{"C:\\Users\\gabri\\Desktop\\past_developer\\projects\\auth_project\\auth_project_frontend\\src\\App.tsx": {"path":"C:\\Users\\gabri\\Desktop\\past_developer\\projects\\auth_project\\auth_project_frontend\\src\\App.tsx","statementMap":{"0":{"start":{"line":10,"column":2},"end":{"line":21,"column":null}}},"fnMap":{"0":{"name":"App","decl":{"start":{"line":9,"column":9},"end":{"line":9,"column":15}},"loc":{"start":{"line":9,"column":15},"end":{"line":21,"column":null}},"line":9}},"branchMap":{},"s":{"0":1},"f":{"0":1},"b":{},"meta":{"lastBranch":0,"lastFunction":1,"lastStatement":1,"seen":{"f:9:9:9:15":0,"s:10:2:21:Infinity":0}}}
,"C:\\Users\\gabri\\Desktop\\past_developer\\projects\\auth_project\\auth_project_frontend\\src\\api.ts": {"path":"C:\\Users\\gabri\\Desktop\\past_developer\\projects\\auth_project\\auth_project_frontend\\src\\api.ts","statementMap":{"0":{"start":{"line":8,"column":12},"end":{"line":15,"column":2}},"1":{"start":{"line":17,"column":0},"end":{"line":36,"column":null}},"2":{"start":{"line":18,"column":16},"end":{"line":18,"column":null}},"3":{"start":{"line":20,"column":4},"end":{"line":31,"column":null}},"4":{"start":{"line":21,"column":19},"end":{"line":21,"column":null}},"5":{"start":{"line":23,"column":6},"end":{"line":28,"column":null}},"6":{"start":{"line":24,"column":8},"end":{"line":24,"column":null}},"7":{"start":{"line":24,"column":46},"end":{"line":24,"column":62}},"8":{"start":{"line":25,"column":17},"end":{"line":28,"column":null}},"9":{"start":{"line":26,"column":8},"end":{"line":26,"column":null}},"10":{"start":{"line":28,"column":8},"end":{"line":28,"column":null}},"11":{"start":{"line":31,"column":6},"end":{"line":31,"column":null}},"12":{"start":{"line":34,"column":4},"end":{"line":34,"column":null}},"13":{"start":{"line":38,"column":26},"end":{"line":42,"column":null}},"14":{"start":{"line":39,"column":19},"end":{"line":41,"column":4}},"15":{"start":{"line":42,"column":2},"end":{"line":42,"column":null}},"16":{"start":{"line":45,"column":28},"end":{"line":53,"column":null}},"17":{"start":{"line":46,"column":2},"end":{"line":53,"column":null}},"18":{"start":{"line":47,"column":21},"end":{"line":49,"column":6}},"19":{"start":{"line":50,"column":4},"end":{"line":50,"column":null}},"20":{"start":{"line":52,"column":4},"end":{"line":52,"column":null}},"21":{"start":{"line":53,"column":4},"end":{"line":53,"column":null}},"22":{"start":{"line":57,"column":29},"end":{"line":59,"column":null}},"23":{"start":{"line":58,"column":19},"end":{"line":58,"column":60}},"24":{"start":{"line":59,"column":2},"end":{"line":59,"column":null}},"25":{"start":{"line":62,"column":28},"end":{"line":69,"column":null}},"26":{"start":{"line":66,"column":19},"end":{"line":68,"column":4}},"27":{"start":{"line":69,"column":2},"end":{"line":69,"column":null}},"28":{"start":{"line":72,"column":26},"end":{"line":76,"column":null}},"29":{"start":{"line":73,"column":19},"end":{"line":75,"column":4}},"30":{"start":{"line":76,"column":2},"end":{"line":76,"column":null}},"31":{"start":{"line":79,"column":32},"end":{"line":83,"column":null}},"32":{"start":{"line":80,"column":19},"end":{"line":82,"column":4}},"33":{"start":{"line":83,"column":2},"end":{"line":83,"column":null}},"34":{"start":{"line":86,"column":31},"end":{"line":99,"column":null}},"35":{"start":{"line":91,"column":19},"end":{"line":96,"column":null}},"36":{"start":{"line":99,"column":2},"end":{"line":99,"column":null}},"37":{"start":{"line":102,"column":31},"end":{"line":110,"column":null}},"38":{"start":{"line":103,"column":2},"end":{"line":110,"column":null}},"39":{"start":{"line":104,"column":21},"end":{"line":106,"column":6}},"40":{"start":{"line":107,"column":4},"end":{"line":107,"column":null}},"41":{"start":{"line":109,"column":4},"end":{"line":109,"column":null}},"42":{"start":{"line":110,"column":4},"end":{"line":110,"column":null}}},"fnMap":{"0":{"name":"(anonymous_0)","decl":{"start":{"line":17,"column":26},"end":{"line":17,"column":null}},"loc":{"start":{"line":18,"column":16},"end":{"line":18,"column":null}},"line":18},"1":{"name":"(anonymous_1)","decl":{"start":{"line":18,"column":16},"end":{"line":18,"column":null}},"loc":{"start":{"line":19,"column":13},"end":{"line":36,"column":null}},"line":19},"2":{"name":"(anonymous_2)","decl":{"start":{"line":24,"column":21},"end":{"line":24,"column":30}},"loc":{"start":{"line":24,"column":46},"end":{"line":24,"column":62}},"line":24},"3":{"name":"(anonymous_3)","decl":{"start":{"line":38,"column":26},"end":{"line":38,"column":33}},"loc":{"start":{"line":38,"column":59},"end":{"line":42,"column":null}},"line":38},"4":{"name":"(anonymous_4)","decl":{"start":{"line":45,"column":28},"end":{"line":45,"column":40}},"loc":{"start":{"line":45,"column":40},"end":{"line":53,"column":null}},"line":45},"5":{"name":"(anonymous_5)","decl":{"start":{"line":57,"column":29},"end":{"line":57,"column":36}},"loc":{"start":{"line":57,"column":65},"end":{"line":59,"column":null}},"line":57},"6":{"name":"(anonymous_6)","decl":{"start":{"line":62,"column":28},"end":{"line":62,"column":null}},"loc":{"start":{"line":65,"column":5},"end":{"line":69,"column":null}},"line":65},"7":{"name":"(anonymous_7)","decl":{"start":{"line":72,"column":26},"end":{"line":72,"column":33}},"loc":{"start":{"line":72,"column":58},"end":{"line":76,"column":null}},"line":72},"8":{"name":"(anonymous_8)","decl":{"start":{"line":79,"column":32},"end":{"line":79,"column":39}},"loc":{"start":{"line":79,"column":76},"end":{"line":83,"column":null}},"line":79},"9":{"name":"(anonymous_9)","decl":{"start":{"line":86,"column":31},"end":{"line":86,"column":null}},"loc":{"start":{"line":90,"column":5},"end":{"line":99,"column":null}},"line":90},"10":{"name":"(anonymous_10)","decl":{"start":{"line":102,"column":31},"end":{"line":102,"column":38}},"loc":{"start":{"line":102,"column":79},"end":{"line":110,"column":null}},"line":102}},"branchMap":{"0":{"loc":{"start":{"line":20,"column":4},"end":{"line":31,"column":null}},"type":"if","locations":[{"start":{"line":20,"column":4},"end":{"line":31,"column":null}},{"start":{"line":30,"column":11},"end":{"line":31,"column":null}}],"line":20},"1":{"loc":{"start":{"line":23,"column":6},"end":{"line":28,"column":null}},"type":"if","locations":[{"start":{"line":23,"column":6},"end":{"line":28,"column":null}},{"start":{"line":25,"column":17},"end":{"line":28,"column":null}}],"line":23},"2":{"loc":{"start":{"line":25,"column":17},"end":{"line":28,"column":null}},"type":"if","locations":[{"start":{"line":25,"column":17},"end":{"line":28,"column":null}},{"start":{"line":27,"column":13},"end":{"line":28,"column":null}}],"line":25}},"s":{"0":2,"1":2,"2":0,"3":0,"4":0,"5":0,"6":0,"7":0,"8":0,"9":0,"10":0,"11":0,"12":0,"13":2,"14":1,"15":1,"16":2,"17":1,"18":1,"19":1,"20":0,"21":0,"22":2,"23":1,"24":1,"25":2,"26":1,"27":1,"28":2,"29":1,"30":1,"31":2,"32":1,"33":1,"34":2,"35":1,"36":1,"37":2,"38":2,"39":2,"40":1,"41":1,"42":1},"f":{"0":0,"1":0,"2":0,"3":1,"4":1,"5":1,"6":1,"7":1,"8":1,"9":1,"10":2},"b":{"0":[0,0],"1":[0,0],"2":[0,0]},"meta":{"lastBranch":3,"lastFunction":11,"lastStatement":43,"seen":{"s:8:12:15:2":0,"s:17:0:36:Infinity":1,"f:17:26:17:Infinity":0,"s:18:16:18:Infinity":2,"f:18:16:18:Infinity":1,"b:20:4:31:Infinity:30:11:31:Infinity":0,"s:20:4:31:Infinity":3,"s:21:19:21:Infinity":4,"b:23:6:28:Infinity:25:17:28:Infinity":1,"s:23:6:28:Infinity":5,"s:24:8:24:Infinity":6,"f:24:21:24:30":2,"s:24:46:24:62":7,"b:25:17:28:Infinity:27:13:28:Infinity":2,"s:25:17:28:Infinity":8,"s:26:8:26:Infinity":9,"s:28:8:28:Infinity":10,"s:31:6:31:Infinity":11,"s:34:4:34:Infinity":12,"s:38:26:42:Infinity":13,"f:38:26:38:33":3,"s:39:19:41:4":14,"s:42:2:42:Infinity":15,"s:45:28:53:Infinity":16,"f:45:28:45:40":4,"s:46:2:53:Infinity":17,"s:47:21:49:6":18,"s:50:4:50:Infinity":19,"s:52:4:52:Infinity":20,"s:53:4:53:Infinity":21,"s:57:29:59:Infinity":22,"f:57:29:57:36":5,"s:58:19:58:60":23,"s:59:2:59:Infinity":24,"s:62:28:69:Infinity":25,"f:62:28:62:Infinity":6,"s:66:19:68:4":26,"s:69:2:69:Infinity":27,"s:72:26:76:Infinity":28,"f:72:26:72:33":7,"s:73:19:75:4":29,"s:76:2:76:Infinity":30,"s:79:32:83:Infinity":31,"f:79:32:79:39":8,"s:80:19:82:4":32,"s:83:2:83:Infinity":33,"s:86:31:99:Infinity":34,"f:86:31:86:Infinity":9,"s:91:19:96:Infinity":35,"s:99:2:99:Infinity":36,"s:102:31:110:Infinity":37,"f:102:31:102:38":10,"s:103:2:110:Infinity":38,"s:104:21:106:6":39,"s:107:4:107:Infinity":40,"s:109:4:109:Infinity":41,"s:110:4:110:Infinity":42}}}
,"C:\\Users\\gabri\\Desktop\\past_developer\\projects\\auth_project\\auth_project_frontend\\src\\commons\\contexts\\AuthContext.tsx": {"path":"C:\\Users\\gabri\\Desktop\\past_developer\\projects\\auth_project\\auth_project_frontend\\src\\commons\\contexts\\AuthContext.tsx","statementMap":{"0":{"start":{"line":8,"column":13},"end":{"line":8,"column":70}}},"fnMap":{},"branchMap":{},"s":{"0":9},"f":{},"b":{},"meta":{"lastBranch":0,"lastFunction":0,"lastStatement":1,"seen":{"s:8:13:8:70":0}}}
,"C:\\Users\\gabri\\Desktop\\past_developer\\projects\\auth_project\\auth_project_frontend\\src\\commons\\contexts\\AuthProvider.tsx": {"path":"C:\\Users\\gabri\\Desktop\\past_developer\\projects\\auth_project\\auth_project_frontend\\src\\commons\\contexts\\AuthProvider.tsx","statementMap":{"0":{"start":{"line":9,"column":22},"end":{"line":9,"column":69}},"1":{"start":{"line":12,"column":8},"end":{"line":17,"column":null}},"2":{"start":{"line":13,"column":11},"end":{"line":16,"column":null}},"3":{"start":{"line":20,"column":2},"end":{"line":20,"column":null}}},"fnMap":{"0":{"name":"AuthProvider","decl":{"start":{"line":8,"column":16},"end":{"line":8,"column":29}},"loc":{"start":{"line":8,"column":72},"end":{"line":20,"column":null}},"line":8},"1":{"name":"(anonymous_1)","decl":{"start":{"line":12,"column":16},"end":{"line":12,"column":null}},"loc":{"start":{"line":13,"column":11},"end":{"line":16,"column":null}},"line":13}},"branchMap":{},"s":{"0":42,"1":42,"2":42,"3":42},"f":{"0":42,"1":42},"b":{},"meta":{"lastBranch":0,"lastFunction":2,"lastStatement":4,"seen":{"f:8:16:8:29":0,"s:9:22:9:69":0,"s:12:8:17:Infinity":1,"f:12:16:12:Infinity":1,"s:13:11:16:Infinity":2,"s:20:2:20:Infinity":3}}}
,"C:\\Users\\gabri\\Desktop\\past_developer\\projects\\auth_project\\auth_project_frontend\\src\\commons\\contexts\\useAuth.tsx": {"path":"C:\\Users\\gabri\\Desktop\\past_developer\\projects\\auth_project\\auth_project_frontend\\src\\commons\\contexts\\useAuth.tsx","statementMap":{"0":{"start":{"line":5,"column":8},"end":{"line":5,"column":41}},"1":{"start":{"line":7,"column":2},"end":{"line":8,"column":null}},"2":{"start":{"line":8,"column":4},"end":{"line":8,"column":null}},"3":{"start":{"line":11,"column":2},"end":{"line":11,"column":null}}},"fnMap":{"0":{"name":"useAuth","decl":{"start":{"line":4,"column":16},"end":{"line":4,"column":26}},"loc":{"start":{"line":4,"column":26},"end":{"line":11,"column":null}},"line":4}},"branchMap":{"0":{"loc":{"start":{"line":7,"column":2},"end":{"line":8,"column":null}},"type":"if","locations":[{"start":{"line":7,"column":2},"end":{"line":8,"column":null}},{"start":{},"end":{}}],"line":7}},"s":{"0":4,"1":4,"2":2,"3":2},"f":{"0":4},"b":{"0":[2,2]},"meta":{"lastBranch":1,"lastFunction":1,"lastStatement":4,"seen":{"f:4:16:4:26":0,"s:5:8:5:41":0,"b:7:2:8:Infinity:undefined:undefined:undefined:undefined":0,"s:7:2:8:Infinity":1,"s:8:4:8:Infinity":2,"s:11:2:11:Infinity":3}}}
,"C:\\Users\\gabri\\Desktop\\past_developer\\projects\\auth_project\\auth_project_frontend\\src\\commons\\hooks\\useAuth.tsx": {"path":"C:\\Users\\gabri\\Desktop\\past_developer\\projects\\auth_project\\auth_project_frontend\\src\\commons\\hooks\\useAuth.tsx","statementMap":{"0":{"start":{"line":5,"column":8},"end":{"line":5,"column":41}},"1":{"start":{"line":7,"column":2},"end":{"line":8,"column":null}},"2":{"start":{"line":8,"column":4},"end":{"line":8,"column":null}},"3":{"start":{"line":11,"column":2},"end":{"line":11,"column":null}}},"fnMap":{"0":{"name":"useAuth","decl":{"start":{"line":4,"column":16},"end":{"line":4,"column":26}},"loc":{"start":{"line":4,"column":26},"end":{"line":11,"column":null}},"line":4}},"branchMap":{"0":{"loc":{"start":{"line":7,"column":2},"end":{"line":8,"column":null}},"type":"if","locations":[{"start":{"line":7,"column":2},"end":{"line":8,"column":null}},{"start":{},"end":{}}],"line":7}},"s":{"0":65,"1":65,"2":0,"3":65},"f":{"0":65},"b":{"0":[0,65]},"meta":{"lastBranch":1,"lastFunction":1,"lastStatement":4,"seen":{"f:4:16:4:26":0,"s:5:8:5:41":0,"b:7:2:8:Infinity:undefined:undefined:undefined:undefined":0,"s:7:2:8:Infinity":1,"s:8:4:8:Infinity":2,"s:11:2:11:Infinity":3}}}
,"C:\\Users\\gabri\\Desktop\\past_developer\\projects\\auth_project\\auth_project_frontend\\src\\components\\Home\\FeatureCard.tsx": {"path":"C:\\Users\\gabri\\Desktop\\past_developer\\projects\\auth_project\\auth_project_frontend\\src\\components\\Home\\FeatureCard.tsx","statementMap":{"0":{"start":{"line":14,"column":2},"end":{"line":18,"column":null}}},"fnMap":{"0":{"name":"FeatureCard","decl":{"start":{"line":13,"column":24},"end":{"line":13,"column":36}},"loc":{"start":{"line":13,"column":77},"end":{"line":18,"column":null}},"line":13}},"branchMap":{},"s":{"0":4},"f":{"0":4},"b":{},"meta":{"lastBranch":0,"lastFunction":1,"lastStatement":1,"seen":{"f:13:24:13:36":0,"s:14:2:18:Infinity":0}}}
,"C:\\Users\\gabri\\Desktop\\past_developer\\projects\\auth_project\\auth_project_frontend\\src\\components\\_shared_\\AuthLayout.tsx": {"path":"C:\\Users\\gabri\\Desktop\\past_developer\\projects\\auth_project\\auth_project_frontend\\src\\components\\_shared_\\AuthLayout.tsx","statementMap":{"0":{"start":{"line":19,"column":8},"end":{"line":19,"column":32}},"1":{"start":{"line":21,"column":8},"end":{"line":22,"column":null}},"2":{"start":{"line":22,"column":4},"end":{"line":22,"column":null}},"3":{"start":{"line":25,"column":8},"end":{"line":26,"column":null}},"4":{"start":{"line":26,"column":4},"end":{"line":26,"column":null}},"5":{"start":{"line":29,"column":8},"end":{"line":31,"column":null}},"6":{"start":{"line":30,"column":4},"end":{"line":31,"column":null}},"7":{"start":{"line":31,"column":6},"end":{"line":31,"column":null}},"8":{"start":{"line":35,"column":8},"end":{"line":37,"column":null}},"9":{"start":{"line":36,"column":4},"end":{"line":37,"column":null}},"10":{"start":{"line":37,"column":6},"end":{"line":37,"column":null}},"11":{"start":{"line":41,"column":2},"end":{"line":100,"column":null}}},"fnMap":{"0":{"name":"AuthLayout","decl":{"start":{"line":13,"column":24},"end":{"line":13,"column":35}},"loc":{"start":{"line":18,"column":30},"end":{"line":100,"column":null}},"line":18},"1":{"name":"(anonymous_1)","decl":{"start":{"line":21,"column":8},"end":{"line":21,"column":36}},"loc":{"start":{"line":21,"column":36},"end":{"line":22,"column":null}},"line":21},"2":{"name":"(anonymous_2)","decl":{"start":{"line":25,"column":8},"end":{"line":25,"column":33}},"loc":{"start":{"line":25,"column":33},"end":{"line":26,"column":null}},"line":25},"3":{"name":"(anonymous_3)","decl":{"start":{"line":29,"column":8},"end":{"line":29,"column":33}},"loc":{"start":{"line":29,"column":79},"end":{"line":31,"column":null}},"line":29},"4":{"name":"(anonymous_4)","decl":{"start":{"line":35,"column":8},"end":{"line":35,"column":30}},"loc":{"start":{"line":35,"column":76},"end":{"line":37,"column":null}},"line":35}},"branchMap":{"0":{"loc":{"start":{"line":30,"column":4},"end":{"line":31,"column":null}},"type":"if","locations":[{"start":{"line":30,"column":4},"end":{"line":31,"column":null}},{"start":{},"end":{}}],"line":30},"1":{"loc":{"start":{"line":30,"column":8},"end":{"line":30,"column":44}},"type":"binary-expr","locations":[{"start":{"line":30,"column":8},"end":{"line":30,"column":29}},{"start":{"line":30,"column":29},"end":{"line":30,"column":44}}],"line":30},"2":{"loc":{"start":{"line":36,"column":4},"end":{"line":37,"column":null}},"type":"if","locations":[{"start":{"line":36,"column":4},"end":{"line":37,"column":null}},{"start":{},"end":{}}],"line":36},"3":{"loc":{"start":{"line":36,"column":8},"end":{"line":36,"column":44}},"type":"binary-expr","locations":[{"start":{"line":36,"column":8},"end":{"line":36,"column":29}},{"start":{"line":36,"column":29},"end":{"line":36,"column":44}}],"line":36},"4":{"loc":{"start":{"line":60,"column":21},"end":{"line":60,"column":75}},"type":"cond-expr","locations":[{"start":{"line":60,"column":29},"end":{"line":60,"column":48}},{"start":{"line":60,"column":48},"end":{"line":60,"column":75}}],"line":60},"5":{"loc":{"start":{"line":64,"column":15},"end":{"line":83,"column":null}},"type":"cond-expr","locations":[{"start":{"line":65,"column":16},"end":{"line":75,"column":17}},{"start":{"line":75,"column":16},"end":{"line":83,"column":null}}],"line":64}},"s":{"0":90,"1":90,"2":2,"3":90,"4":1,"5":90,"6":2,"7":1,"8":90,"9":0,"10":0,"11":90},"f":{"0":90,"1":2,"2":1,"3":2,"4":0},"b":{"0":[1,1],"1":[2,1],"2":[0,0],"3":[0,0],"4":[69,21],"5":[69,21]},"meta":{"lastBranch":6,"lastFunction":5,"lastStatement":12,"seen":{"f:13:24:13:35":0,"s:19:8:19:32":0,"s:21:8:22:Infinity":1,"f:21:8:21:36":1,"s:22:4:22:Infinity":2,"s:25:8:26:Infinity":3,"f:25:8:25:33":2,"s:26:4:26:Infinity":4,"s:29:8:31:Infinity":5,"f:29:8:29:33":3,"b:30:4:31:Infinity:undefined:undefined:undefined:undefined":0,"s:30:4:31:Infinity":6,"b:30:8:30:29:30:29:30:44":1,"s:31:6:31:Infinity":7,"s:35:8:37:Infinity":8,"f:35:8:35:30":4,"b:36:4:37:Infinity:undefined:undefined:undefined:undefined":2,"s:36:4:37:Infinity":9,"b:36:8:36:29:36:29:36:44":3,"s:37:6:37:Infinity":10,"s:41:2:100:Infinity":11,"b:60:29:60:48:60:48:60:75":4,"b:65:16:75:17:75:16:83:Infinity":5}}}
,"C:\\Users\\gabri\\Desktop\\past_developer\\projects\\auth_project\\auth_project_frontend\\src\\components\\_shared_\\Header.tsx": {"path":"C:\\Users\\gabri\\Desktop\\past_developer\\projects\\auth_project\\auth_project_frontend\\src\\components\\_shared_\\Header.tsx","statementMap":{"0":{"start":{"line":17,"column":8},"end":{"line":17,"column":32}},"1":{"start":{"line":18,"column":8},"end":{"line":19,"column":null}},"2":{"start":{"line":19,"column":4},"end":{"line":19,"column":null}},"3":{"start":{"line":21,"column":2},"end":{"line":52,"column":null}},"4":{"start":{"line":25,"column":47},"end":{"line":25,"column":60}},"5":{"start":{"line":37,"column":18},"end":{"line":37,"column":null}},"6":{"start":{"line":37,"column":36},"end":{"line":37,"column":null}}},"fnMap":{"0":{"name":"Header","decl":{"start":{"line":11,"column":24},"end":{"line":11,"column":31}},"loc":{"start":{"line":16,"column":16},"end":{"line":52,"column":null}},"line":16},"1":{"name":"(anonymous_1)","decl":{"start":{"line":18,"column":8},"end":{"line":18,"column":33}},"loc":{"start":{"line":18,"column":33},"end":{"line":19,"column":null}},"line":18},"2":{"name":"(anonymous_2)","decl":{"start":{"line":25,"column":32},"end":{"line":25,"column":47}},"loc":{"start":{"line":25,"column":47},"end":{"line":25,"column":60}},"line":25},"3":{"name":"(anonymous_3)","decl":{"start":{"line":36,"column":16},"end":{"line":36,"column":31}},"loc":{"start":{"line":36,"column":31},"end":{"line":37,"column":null}},"line":36}},"branchMap":{"0":{"loc":{"start":{"line":29,"column":11},"end":{"line":47,"column":null}},"type":"cond-expr","locations":[{"start":{"line":30,"column":12},"end":{"line":45,"column":13}},{"start":{"line":45,"column":12},"end":{"line":47,"column":null}}],"line":29},"1":{"loc":{"start":{"line":37,"column":18},"end":{"line":37,"column":null}},"type":"if","locations":[{"start":{"line":37,"column":18},"end":{"line":37,"column":null}},{"start":{},"end":{}}],"line":37}},"s":{"0":123,"1":123,"2":1,"3":123,"4":1,"5":4,"6":4},"f":{"0":123,"1":1,"2":1,"3":4},"b":{"0":[30,93],"1":[4,0]},"meta":{"lastBranch":2,"lastFunction":4,"lastStatement":7,"seen":{"f:11:24:11:31":0,"s:17:8:17:32":0,"s:18:8:19:Infinity":1,"f:18:8:18:33":1,"s:19:4:19:Infinity":2,"s:21:2:52:Infinity":3,"f:25:32:25:47":2,"s:25:47:25:60":4,"b:30:12:45:13:45:12:47:Infinity":0,"f:36:16:36:31":3,"b:37:18:37:Infinity:undefined:undefined:undefined:undefined":1,"s:37:18:37:Infinity":5,"s:37:36:37:Infinity":6}}}
,"C:\\Users\\gabri\\Desktop\\past_developer\\projects\\auth_project\\auth_project_frontend\\src\\components\\modals\\AddTaskModal.tsx": {"path":"C:\\Users\\gabri\\Desktop\\past_developer\\projects\\auth_project\\auth_project_frontend\\src\\components\\modals\\AddTaskModal.tsx","statementMap":{"0":{"start":{"line":11,"column":2},"end":{"line":71,"column":null}},"1":{"start":{"line":12,"column":50},"end":{"line":12,"column":69}},"2":{"start":{"line":13,"column":45},"end":{"line":13,"column":64}},"3":{"start":{"line":16,"column":25},"end":{"line":16,"column":44}},"4":{"start":{"line":36,"column":18},"end":{"line":36,"column":71}},"5":{"start":{"line":50,"column":18},"end":{"line":50,"column":null}},"6":{"start":{"line":60,"column":29},"end":{"line":60,"column":48}}},"fnMap":{"0":{"name":"AddTaskModal","decl":{"start":{"line":5,"column":24},"end":{"line":5,"column":37}},"loc":{"start":{"line":10,"column":22},"end":{"line":71,"column":null}},"line":10},"1":{"name":"(anonymous_1)","decl":{"start":{"line":12,"column":35},"end":{"line":12,"column":50}},"loc":{"start":{"line":12,"column":50},"end":{"line":12,"column":69}},"line":12},"2":{"name":"(anonymous_2)","decl":{"start":{"line":13,"column":29},"end":{"line":13,"column":39}},"loc":{"start":{"line":13,"column":45},"end":{"line":13,"column":64}},"line":13},"3":{"name":"(anonymous_3)","decl":{"start":{"line":16,"column":10},"end":{"line":16,"column":25}},"loc":{"start":{"line":16,"column":25},"end":{"line":16,"column":44}},"line":16},"4":{"name":"(anonymous_4)","decl":{"start":{"line":35,"column":16},"end":{"line":35,"column":27}},"loc":{"start":{"line":36,"column":18},"end":{"line":36,"column":71}},"line":36},"5":{"name":"(anonymous_5)","decl":{"start":{"line":49,"column":16},"end":{"line":49,"column":27}},"loc":{"start":{"line":50,"column":18},"end":{"line":50,"column":null}},"line":50},"6":{"name":"(anonymous_6)","decl":{"start":{"line":60,"column":14},"end":{"line":60,"column":29}},"loc":{"start":{"line":60,"column":29},"end":{"line":60,"column":48}},"line":60}},"branchMap":{},"s":{"0":11,"1":0,"2":6,"3":1,"4":4,"5":0,"6":1},"f":{"0":11,"1":0,"2":6,"3":1,"4":4,"5":0,"6":1},"b":{},"meta":{"lastBranch":0,"lastFunction":7,"lastStatement":7,"seen":{"f:5:24:5:37":0,"s:11:2:71:Infinity":0,"f:12:35:12:50":1,"s:12:50:12:69":1,"f:13:29:13:39":2,"s:13:45:13:64":2,"f:16:10:16:25":3,"s:16:25:16:44":3,"f:35:16:35:27":4,"s:36:18:36:71":4,"f:49:16:49:27":5,"s:50:18:50:Infinity":5,"f:60:14:60:29":6,"s:60:29:60:48":6}}}
,"C:\\Users\\gabri\\Desktop\\past_developer\\projects\\auth_project\\auth_project_frontend\\src\\pages\\Dashboard.tsx": {"path":"C:\\Users\\gabri\\Desktop\\past_developer\\projects\\auth_project\\auth_project_frontend\\src\\pages\\Dashboard.tsx","statementMap":{"0":{"start":{"line":25,"column":30},"end":{"line":29,"column":null}},"1":{"start":{"line":31,"column":34},"end":{"line":35,"column":null}},"2":{"start":{"line":37,"column":6},"end":{"line":44,"column":null}},"3":{"start":{"line":38,"column":2},"end":{"line":44,"column":null}},"4":{"start":{"line":39,"column":38},"end":{"line":39,"column":70}},"5":{"start":{"line":41,"column":13},"end":{"line":41,"column":null}},"6":{"start":{"line":43,"column":35},"end":{"line":43,"column":null}},"7":{"start":{"line":48,"column":16},"end":{"line":48,"column":63}},"8":{"start":{"line":49,"column":18},"end":{"line":49,"column":46}},"9":{"start":{"line":50,"column":25},"end":{"line":50,"column":75}},"10":{"start":{"line":51,"column":20},"end":{"line":51,"column":60}},"11":{"start":{"line":52,"column":22},"end":{"line":52,"column":74}},"12":{"start":{"line":53,"column":24},"end":{"line":53,"column":65}},"13":{"start":{"line":55,"column":18},"end":{"line":58,"column":4}},"14":{"start":{"line":60,"column":24},"end":{"line":60,"column":53}},"15":{"start":{"line":61,"column":21},"end":{"line":63,"column":null}},"16":{"start":{"line":62,"column":18},"end":{"line":62,"column":null}},"17":{"start":{"line":65,"column":25},"end":{"line":65,"column":null}},"18":{"start":{"line":66,"column":2},"end":{"line":97,"column":null}},"19":{"start":{"line":67,"column":28},"end":{"line":92,"column":null}},"20":{"start":{"line":68,"column":6},"end":{"line":92,"column":null}},"21":{"start":{"line":69,"column":24},"end":{"line":69,"column":null}},"22":{"start":{"line":71,"column":8},"end":{"line":83,"column":null}},"23":{"start":{"line":72,"column":27},"end":{"line":75,"column":null}},"24":{"start":{"line":73,"column":12},"end":{"line":73,"column":null}},"25":{"start":{"line":73,"column":46},"end":{"line":73,"column":null}},"26":{"start":{"line":74,"column":12},"end":{"line":74,"column":null}},"27":{"start":{"line":77,"column":10},"end":{"line":79,"column":null}},"28":{"start":{"line":78,"column":12},"end":{"line":78,"column":null}},"29":{"start":{"line":79,"column":12},"end":{"line":79,"column":null}},"30":{"start":{"line":82,"column":10},"end":{"line":82,"column":null}},"31":{"start":{"line":83,"column":10},"end":{"line":83,"column":null}},"32":{"start":{"line":86,"column":8},"end":{"line":88,"column":null}},"33":{"start":{"line":87,"column":16},"end":{"line":87,"column":58}},"34":{"start":{"line":88,"column":10},"end":{"line":88,"column":null}},"35":{"start":{"line":91,"column":8},"end":{"line":91,"column":null}},"36":{"start":{"line":92,"column":8},"end":{"line":92,"column":null}},"37":{"start":{"line":96,"column":4},"end":{"line":96,"column":null}},"38":{"start":{"line":98,"column":2},"end":{"line":119,"column":null}},"39":{"start":{"line":99,"column":4},"end":{"line":99,"column":null}},"40":{"start":{"line":99,"column":46},"end":{"line":99,"column":null}},"41":{"start":{"line":101,"column":22},"end":{"line":114,"column":null}},"42":{"start":{"line":102,"column":6},"end":{"line":102,"column":null}},"43":{"start":{"line":103,"column":6},"end":{"line":114,"column":null}},"44":{"start":{"line":104,"column":25},"end":{"line":106,"column":null}},"45":{"start":{"line":108,"column":26},"end":{"line":108,"column":54}},"46":{"start":{"line":109,"column":8},"end":{"line":109,"column":null}},"47":{"start":{"line":111,"column":8},"end":{"line":111,"column":null}},"48":{"start":{"line":112,"column":8},"end":{"line":112,"column":null}},"49":{"start":{"line":114,"column":8},"end":{"line":114,"column":null}},"50":{"start":{"line":118,"column":4},"end":{"line":118,"column":null}},"51":{"start":{"line":120,"column":24},"end":{"line":164,"column":null}},"52":{"start":{"line":121,"column":4},"end":{"line":121,"column":null}},"53":{"start":{"line":123,"column":4},"end":{"line":125,"column":null}},"54":{"start":{"line":124,"column":6},"end":{"line":124,"column":null}},"55":{"start":{"line":125,"column":6},"end":{"line":125,"column":null}},"56":{"start":{"line":128,"column":4},"end":{"line":130,"column":null}},"57":{"start":{"line":129,"column":6},"end":{"line":129,"column":null}},"58":{"start":{"line":130,"column":6},"end":{"line":130,"column":null}},"59":{"start":{"line":133,"column":4},"end":{"line":164,"column":null}},"60":{"start":{"line":134,"column":22},"end":{"line":138,"column":null}},"61":{"start":{"line":140,"column":23},"end":{"line":140,"column":64}},"62":{"start":{"line":142,"column":32},"end":{"line":147,"column":null}},"63":{"start":{"line":149,"column":6},"end":{"line":152,"column":null}},"64":{"start":{"line":149,"column":26},"end":{"line":152,"column":9}},"65":{"start":{"line":154,"column":6},"end":{"line":154,"column":null}},"66":{"start":{"line":156,"column":6},"end":{"line":159,"column":null}},"67":{"start":{"line":161,"column":6},"end":{"line":161,"column":null}},"68":{"start":{"line":163,"column":6},"end":{"line":163,"column":null}},"69":{"start":{"line":164,"column":6},"end":{"line":164,"column":null}},"70":{"start":{"line":168,"column":27},"end":{"line":190,"column":null}},"71":{"start":{"line":169,"column":4},"end":{"line":190,"column":null}},"72":{"start":{"line":170,"column":6},"end":{"line":173,"column":null}},"73":{"start":{"line":170,"column":26},"end":{"line":173,"column":9}},"74":{"start":{"line":172,"column":52},"end":{"line":172,"column":null}},"75":{"start":{"line":175,"column":6},"end":{"line":175,"column":null}},"76":{"start":{"line":177,"column":6},"end":{"line":177,"column":null}},"77":{"start":{"line":178,"column":6},"end":{"line":178,"column":null}},"78":{"start":{"line":180,"column":24},"end":{"line":186,"column":null}},"79":{"start":{"line":181,"column":8},"end":{"line":186,"column":null}},"80":{"start":{"line":182,"column":27},"end":{"line":182,"column":57}},"81":{"start":{"line":183,"column":28},"end":{"line":183,"column":56}},"82":{"start":{"line":184,"column":10},"end":{"line":184,"column":null}},"83":{"start":{"line":186,"column":10},"end":{"line":186,"column":null}},"84":{"start":{"line":190,"column":6},"end":{"line":190,"column":null}},"85":{"start":{"line":194,"column":8},"end":{"line":200,"column":null}},"86":{"start":{"line":199,"column":4},"end":{"line":199,"column":null}},"87":{"start":{"line":200,"column":4},"end":{"line":200,"column":null}},"88":{"start":{"line":203,"column":8},"end":{"line":205,"column":null}},"89":{"start":{"line":204,"column":4},"end":{"line":204,"column":null}},"90":{"start":{"line":205,"column":4},"end":{"line":205,"column":null}},"91":{"start":{"line":208,"column":21},"end":{"line":262,"column":null}},"92":{"start":{"line":212,"column":4},"end":{"line":212,"column":null}},"93":{"start":{"line":214,"column":4},"end":{"line":214,"column":null}},"94":{"start":{"line":214,"column":22},"end":{"line":214,"column":null}},"95":{"start":{"line":216,"column":35},"end":{"line":216,"column":null}},"96":{"start":{"line":218,"column":4},"end":{"line":220,"column":null}},"97":{"start":{"line":219,"column":6},"end":{"line":219,"column":null}},"98":{"start":{"line":220,"column":6},"end":{"line":220,"column":null}},"99":{"start":{"line":223,"column":4},"end":{"line":226,"column":null}},"100":{"start":{"line":224,"column":6},"end":{"line":224,"column":null}},"101":{"start":{"line":225,"column":6},"end":{"line":225,"column":null}},"102":{"start":{"line":226,"column":6},"end":{"line":226,"column":null}},"103":{"start":{"line":229,"column":4},"end":{"line":236,"column":null}},"104":{"start":{"line":229,"column":24},"end":{"line":236,"column":7}},"105":{"start":{"line":231,"column":55},"end":{"line":231,"column":72}},"106":{"start":{"line":238,"column":4},"end":{"line":238,"column":null}},"107":{"start":{"line":240,"column":4},"end":{"line":259,"column":null}},"108":{"start":{"line":242,"column":8},"end":{"line":246,"column":null}},"109":{"start":{"line":248,"column":6},"end":{"line":248,"column":null}},"110":{"start":{"line":250,"column":6},"end":{"line":250,"column":null}},"111":{"start":{"line":251,"column":6},"end":{"line":251,"column":null}},"112":{"start":{"line":253,"column":6},"end":{"line":257,"column":null}},"113":{"start":{"line":253,"column":26},"end":{"line":257,"column":9}},"114":{"start":{"line":256,"column":61},"end":{"line":256,"column":null}},"115":{"start":{"line":259,"column":6},"end":{"line":259,"column":null}},"116":{"start":{"line":262,"column":4},"end":{"line":262,"column":null}},"117":{"start":{"line":265,"column":2},"end":{"line":281,"column":null}},"118":{"start":{"line":266,"column":4},"end":{"line":281,"column":null}},"119":{"start":{"line":285,"column":2},"end":{"line":373,"column":null}},"120":{"start":{"line":297,"column":12},"end":{"line":362,"column":null}},"121":{"start":{"line":301,"column":29},"end":{"line":301,"column":53}},"122":{"start":{"line":313,"column":20},"end":{"line":350,"column":null}},"123":{"start":{"line":317,"column":42},"end":{"line":317,"column":77}},"124":{"start":{"line":342,"column":43},"end":{"line":342,"column":79}}},"fnMap":{"0":{"name":"(anonymous_0)","decl":{"start":{"line":37,"column":6},"end":{"line":37,"column":23}},"loc":{"start":{"line":37,"column":61},"end":{"line":44,"column":null}},"line":37},"1":{"name":"(anonymous_1)","decl":{"start":{"line":39,"column":24},"end":{"line":39,"column":32}},"loc":{"start":{"line":39,"column":38},"end":{"line":39,"column":70}},"line":39},"2":{"name":"(anonymous_2)","decl":{"start":{"line":40,"column":30},"end":{"line":40,"column":null}},"loc":{"start":{"line":41,"column":13},"end":{"line":41,"column":null}},"line":41},"3":{"name":"(anonymous_3)","decl":{"start":{"line":43,"column":21},"end":{"line":43,"column":29}},"loc":{"start":{"line":43,"column":35},"end":{"line":43,"column":null}},"line":43},"4":{"name":"Dashboard","decl":{"start":{"line":47,"column":24},"end":{"line":47,"column":36}},"loc":{"start":{"line":47,"column":36},"end":{"line":373,"column":null}},"line":47},"5":{"name":"(anonymous_5)","decl":{"start":{"line":61,"column":42},"end":{"line":61,"column":null}},"loc":{"start":{"line":62,"column":18},"end":{"line":62,"column":null}},"line":62},"6":{"name":"(anonymous_6)","decl":{"start":{"line":66,"column":2},"end":{"line":66,"column":18}},"loc":{"start":{"line":66,"column":18},"end":{"line":97,"column":6}},"line":66},"7":{"name":"(anonymous_7)","decl":{"start":{"line":67,"column":28},"end":{"line":67,"column":40}},"loc":{"start":{"line":67,"column":40},"end":{"line":92,"column":null}},"line":67},"8":{"name":"(anonymous_8)","decl":{"start":{"line":72,"column":48},"end":{"line":72,"column":55}},"loc":{"start":{"line":72,"column":63},"end":{"line":75,"column":null}},"line":72},"9":{"name":"(anonymous_9)","decl":{"start":{"line":98,"column":2},"end":{"line":98,"column":18}},"loc":{"start":{"line":98,"column":18},"end":{"line":119,"column":6}},"line":98},"10":{"name":"(anonymous_10)","decl":{"start":{"line":101,"column":22},"end":{"line":101,"column":34}},"loc":{"start":{"line":101,"column":34},"end":{"line":114,"column":null}},"line":101},"11":{"name":"(anonymous_11)","decl":{"start":{"line":120,"column":24},"end":{"line":120,"column":31}},"loc":{"start":{"line":120,"column":65},"end":{"line":164,"column":null}},"line":120},"12":{"name":"(anonymous_12)","decl":{"start":{"line":149,"column":6},"end":{"line":149,"column":16}},"loc":{"start":{"line":149,"column":26},"end":{"line":152,"column":9}},"line":149},"13":{"name":"(anonymous_13)","decl":{"start":{"line":168,"column":27},"end":{"line":168,"column":34}},"loc":{"start":{"line":168,"column":73},"end":{"line":190,"column":null}},"line":168},"14":{"name":"(anonymous_14)","decl":{"start":{"line":170,"column":6},"end":{"line":170,"column":16}},"loc":{"start":{"line":170,"column":26},"end":{"line":173,"column":9}},"line":170},"15":{"name":"(anonymous_15)","decl":{"start":{"line":172,"column":35},"end":{"line":172,"column":43}},"loc":{"start":{"line":172,"column":52},"end":{"line":172,"column":null}},"line":172},"16":{"name":"(anonymous_16)","decl":{"start":{"line":180,"column":24},"end":{"line":180,"column":36}},"loc":{"start":{"line":180,"column":36},"end":{"line":186,"column":null}},"line":180},"17":{"name":"(anonymous_17)","decl":{"start":{"line":194,"column":8},"end":{"line":194,"column":null}},"loc":{"start":{"line":198,"column":7},"end":{"line":200,"column":null}},"line":198},"18":{"name":"(anonymous_18)","decl":{"start":{"line":203,"column":8},"end":{"line":203,"column":26}},"loc":{"start":{"line":203,"column":59},"end":{"line":205,"column":null}},"line":203},"19":{"name":"(anonymous_19)","decl":{"start":{"line":208,"column":21},"end":{"line":208,"column":null}},"loc":{"start":{"line":211,"column":7},"end":{"line":262,"column":null}},"line":211},"20":{"name":"(anonymous_20)","decl":{"start":{"line":229,"column":4},"end":{"line":229,"column":14}},"loc":{"start":{"line":229,"column":24},"end":{"line":236,"column":7}},"line":229},"21":{"name":"(anonymous_21)","decl":{"start":{"line":231,"column":41},"end":{"line":231,"column":49}},"loc":{"start":{"line":231,"column":55},"end":{"line":231,"column":72}},"line":231},"22":{"name":"(anonymous_22)","decl":{"start":{"line":253,"column":6},"end":{"line":253,"column":16}},"loc":{"start":{"line":253,"column":26},"end":{"line":257,"column":9}},"line":253},"23":{"name":"(anonymous_23)","decl":{"start":{"line":256,"column":47},"end":{"line":256,"column":55}},"loc":{"start":{"line":256,"column":61},"end":{"line":256,"column":null}},"line":256},"24":{"name":"(anonymous_24)","decl":{"start":{"line":296,"column":19},"end":{"line":296,"column":24}},"loc":{"start":{"line":297,"column":12},"end":{"line":362,"column":null}},"line":297},"25":{"name":"(anonymous_25)","decl":{"start":{"line":301,"column":14},"end":{"line":301,"column":23}},"loc":{"start":{"line":301,"column":29},"end":{"line":301,"column":53}},"line":301},"26":{"name":"(anonymous_26)","decl":{"start":{"line":312,"column":35},"end":{"line":312,"column":40}},"loc":{"start":{"line":313,"column":20},"end":{"line":350,"column":null}},"line":313},"27":{"name":"(anonymous_27)","decl":{"start":{"line":317,"column":22},"end":{"line":317,"column":36}},"loc":{"start":{"line":317,"column":42},"end":{"line":317,"column":77}},"line":317},"28":{"name":"(anonymous_28)","decl":{"start":{"line":342,"column":28},"end":{"line":342,"column":43}},"loc":{"start":{"line":342,"column":43},"end":{"line":342,"column":79}},"line":342}},"branchMap":{"0":{"loc":{"start":{"line":71,"column":8},"end":{"line":83,"column":null}},"type":"if","locations":[{"start":{"line":71,"column":8},"end":{"line":83,"column":null}},{"start":{},"end":{}}],"line":71},"1":{"loc":{"start":{"line":73,"column":12},"end":{"line":73,"column":null}},"type":"if","locations":[{"start":{"line":73,"column":12},"end":{"line":73,"column":null}},{"start":{},"end":{}}],"line":73},"2":{"loc":{"start":{"line":77,"column":10},"end":{"line":79,"column":null}},"type":"if","locations":[{"start":{"line":77,"column":10},"end":{"line":79,"column":null}},{"start":{},"end":{}}],"line":77},"3":{"loc":{"start":{"line":86,"column":8},"end":{"line":88,"column":null}},"type":"if","locations":[{"start":{"line":86,"column":8},"end":{"line":88,"column":null}},{"start":{},"end":{}}],"line":86},"4":{"loc":{"start":{"line":99,"column":4},"end":{"line":99,"column":null}},"type":"if","locations":[{"start":{"line":99,"column":4},"end":{"line":99,"column":null}},{"start":{},"end":{}}],"line":99},"5":{"loc":{"start":{"line":99,"column":8},"end":{"line":99,"column":46}},"type":"binary-expr","locations":[{"start":{"line":99,"column":8},"end":{"line":99,"column":31}},{"start":{"line":99,"column":31},"end":{"line":99,"column":46}}],"line":99},"6":{"loc":{"start":{"line":123,"column":4},"end":{"line":125,"column":null}},"type":"if","locations":[{"start":{"line":123,"column":4},"end":{"line":125,"column":null}},{"start":{},"end":{}}],"line":123},"7":{"loc":{"start":{"line":128,"column":4},"end":{"line":130,"column":null}},"type":"if","locations":[{"start":{"line":128,"column":4},"end":{"line":130,"column":null}},{"start":{},"end":{}}],"line":128},"8":{"loc":{"start":{"line":214,"column":4},"end":{"line":214,"column":null}},"type":"if","locations":[{"start":{"line":214,"column":4},"end":{"line":214,"column":null}},{"start":{},"end":{}}],"line":214},"9":{"loc":{"start":{"line":218,"column":4},"end":{"line":220,"column":null}},"type":"if","locations":[{"start":{"line":218,"column":4},"end":{"line":220,"column":null}},{"start":{},"end":{}}],"line":218},"10":{"loc":{"start":{"line":223,"column":4},"end":{"line":226,"column":null}},"type":"if","locations":[{"start":{"line":223,"column":4},"end":{"line":226,"column":null}},{"start":{},"end":{}}],"line":223},"11":{"loc":{"start":{"line":223,"column":8},"end":{"line":223,"column":35}},"type":"binary-expr","locations":[{"start":{"line":223,"column":8},"end":{"line":223,"column":20}},{"start":{"line":223,"column":20},"end":{"line":223,"column":35}}],"line":223},"12":{"loc":{"start":{"line":242,"column":8},"end":{"line":246,"column":null}},"type":"cond-expr","locations":[{"start":{"line":243,"column":12},"end":{"line":243,"column":null}},{"start":{"line":244,"column":12},"end":{"line":246,"column":null}}],"line":242},"13":{"loc":{"start":{"line":244,"column":12},"end":{"line":246,"column":null}},"type":"cond-expr","locations":[{"start":{"line":245,"column":12},"end":{"line":245,"column":null}},{"start":{"line":246,"column":12},"end":{"line":246,"column":null}}],"line":244},"14":{"loc":{"start":{"line":265,"column":2},"end":{"line":281,"column":null}},"type":"if","locations":[{"start":{"line":265,"column":2},"end":{"line":281,"column":null}},{"start":{},"end":{}}],"line":265},"15":{"loc":{"start":{"line":306,"column":19},"end":{"line":306,"column":null}},"type":"binary-expr","locations":[{"start":{"line":306,"column":19},"end":{"line":306,"column":47}},{"start":{"line":306,"column":47},"end":{"line":306,"column":null}}],"line":306},"16":{"loc":{"start":{"line":311,"column":17},"end":{"line":358,"column":null}},"type":"cond-expr","locations":[{"start":{"line":312,"column":18},"end":{"line":350,"column":null}},{"start":{"line":353,"column":18},"end":{"line":358,"column":null}}],"line":311},"17":{"loc":{"start":{"line":311,"column":17},"end":{"line":311,"column":null}},"type":"binary-expr","locations":[{"start":{"line":311,"column":17},"end":{"line":311,"column":37}},{"start":{"line":311,"column":37},"end":{"line":311,"column":null}}],"line":311},"18":{"loc":{"start":{"line":319,"column":33},"end":{"line":319,"column":null}},"type":"cond-expr","locations":[{"start":{"line":319,"column":62},"end":{"line":319,"column":68}},{"start":{"line":319,"column":68},"end":{"line":319,"column":null}}],"line":319},"19":{"loc":{"start":{"line":321,"column":26},"end":{"line":321,"column":null}},"type":"cond-expr","locations":[{"start":{"line":321,"column":55},"end":{"line":321,"column":64}},{"start":{"line":321,"column":64},"end":{"line":321,"column":null}}],"line":321},"20":{"loc":{"start":{"line":326,"column":23},"end":{"line":329,"column":null}},"type":"binary-expr","locations":[{"start":{"line":326,"column":23},"end":{"line":326,"column":null}},{"start":{"line":327,"column":24},"end":{"line":329,"column":null}}],"line":326},"21":{"loc":{"start":{"line":334,"column":27},"end":{"line":340,"column":27}},"type":"binary-expr","locations":[{"start":{"line":334,"column":27},"end":{"line":334,"column":null}},{"start":{"line":335,"column":28},"end":{"line":340,"column":27}}],"line":334},"22":{"loc":{"start":{"line":367,"column":7},"end":{"line":373,"column":null}},"type":"binary-expr","locations":[{"start":{"line":367,"column":7},"end":{"line":367,"column":null}},{"start":{"line":368,"column":8},"end":{"line":373,"column":null}}],"line":367}},"s":{"0":2,"1":2,"2":2,"3":11,"4":6,"5":6,"6":6,"7":66,"8":66,"9":66,"10":66,"11":66,"12":66,"13":66,"14":66,"15":66,"16":198,"17":66,"18":66,"19":14,"20":14,"21":14,"22":14,"23":3,"24":2,"25":1,"26":1,"27":2,"28":1,"29":1,"30":1,"31":1,"32":12,"33":12,"34":12,"35":1,"36":1,"37":14,"38":66,"39":26,"40":15,"41":11,"42":11,"43":11,"44":11,"45":10,"46":10,"47":1,"48":1,"49":11,"50":11,"51":66,"52":3,"53":3,"54":1,"55":1,"56":2,"57":0,"58":0,"59":2,"60":2,"61":2,"62":1,"63":1,"64":1,"65":1,"66":1,"67":1,"68":1,"69":1,"70":66,"71":2,"72":2,"73":2,"74":2,"75":2,"76":1,"77":1,"78":1,"79":1,"80":1,"81":1,"82":1,"83":0,"84":1,"85":66,"86":3,"87":3,"88":66,"89":1,"90":1,"91":66,"92":3,"93":3,"94":0,"95":3,"96":3,"97":1,"98":1,"99":2,"100":0,"101":0,"102":0,"103":2,"104":2,"105":2,"106":2,"107":2,"108":2,"109":3,"110":1,"111":1,"112":1,"113":1,"114":1,"115":2,"116":2,"117":66,"118":37,"119":29,"120":87,"121":3,"122":15,"123":3,"124":2},"f":{"0":11,"1":6,"2":6,"3":6,"4":66,"5":198,"6":14,"7":14,"8":2,"9":26,"10":11,"11":3,"12":1,"13":2,"14":2,"15":2,"16":1,"17":3,"18":1,"19":3,"20":2,"21":2,"22":1,"23":1,"24":87,"25":3,"26":15,"27":3,"28":2},"b":{"0":[3,11],"1":[1,1],"2":[1,1],"3":[12,0],"4":[15,11],"5":[26,12],"6":[1,2],"7":[0,2],"8":[0,3],"9":[1,2],"10":[0,2],"11":[2,2],"12":[0,2],"13":[1,1],"14":[37,29],"15":[87,72],"16":[15,72],"17":[87,87],"18":[2,13],"19":[2,13],"20":[15,1],"21":[15,2],"22":[29,6]},"meta":{"lastBranch":23,"lastFunction":29,"lastStatement":125,"seen":{"s:25:30:29:Infinity":0,"s:31:34:35:Infinity":1,"s:37:6:44:Infinity":2,"f:37:6:37:23":0,"s:38:2:44:Infinity":3,"f:39:24:39:32":1,"s:39:38:39:70":4,"f:40:30:40:Infinity":2,"s:41:13:41:Infinity":5,"f:43:21:43:29":3,"s:43:35:43:Infinity":6,"f:47:24:47:36":4,"s:48:16:48:63":7,"s:49:18:49:46":8,"s:50:25:50:75":9,"s:51:20:51:60":10,"s:52:22:52:74":11,"s:53:24:53:65":12,"s:55:18:58:4":13,"s:60:24:60:53":14,"s:61:21:63:Infinity":15,"f:61:42:61:Infinity":5,"s:62:18:62:Infinity":16,"s:65:25:65:Infinity":17,"s:66:2:97:Infinity":18,"f:66:2:66:18":6,"s:67:28:92:Infinity":19,"f:67:28:67:40":7,"s:68:6:92:Infinity":20,"s:69:24:69:Infinity":21,"b:71:8:83:Infinity:undefined:undefined:undefined:undefined":0,"s:71:8:83:Infinity":22,"s:72:27:75:Infinity":23,"f:72:48:72:55":8,"b:73:12:73:Infinity:undefined:undefined:undefined:undefined":1,"s:73:12:73:Infinity":24,"s:73:46:73:Infinity":25,"s:74:12:74:Infinity":26,"b:77:10:79:Infinity:undefined:undefined:undefined:undefined":2,"s:77:10:79:Infinity":27,"s:78:12:78:Infinity":28,"s:79:12:79:Infinity":29,"s:82:10:82:Infinity":30,"s:83:10:83:Infinity":31,"b:86:8:88:Infinity:undefined:undefined:undefined:undefined":3,"s:86:8:88:Infinity":32,"s:87:16:87:58":33,"s:88:10:88:Infinity":34,"s:91:8:91:Infinity":35,"s:92:8:92:Infinity":36,"s:96:4:96:Infinity":37,"s:98:2:119:Infinity":38,"f:98:2:98:18":9,"b:99:4:99:Infinity:undefined:undefined:undefined:undefined":4,"s:99:4:99:Infinity":39,"b:99:8:99:31:99:31:99:46":5,"s:99:46:99:Infinity":40,"s:101:22:114:Infinity":41,"f:101:22:101:34":10,"s:102:6:102:Infinity":42,"s:103:6:114:Infinity":43,"s:104:25:106:Infinity":44,"s:108:26:108:54":45,"s:109:8:109:Infinity":46,"s:111:8:111:Infinity":47,"s:112:8:112:Infinity":48,"s:114:8:114:Infinity":49,"s:118:4:118:Infinity":50,"s:120:24:164:Infinity":51,"f:120:24:120:31":11,"s:121:4:121:Infinity":52,"b:123:4:125:Infinity:undefined:undefined:undefined:undefined":6,"s:123:4:125:Infinity":53,"s:124:6:124:Infinity":54,"s:125:6:125:Infinity":55,"b:128:4:130:Infinity:undefined:undefined:undefined:undefined":7,"s:128:4:130:Infinity":56,"s:129:6:129:Infinity":57,"s:130:6:130:Infinity":58,"s:133:4:164:Infinity":59,"s:134:22:138:Infinity":60,"s:140:23:140:64":61,"s:142:32:147:Infinity":62,"s:149:6:152:Infinity":63,"f:149:6:149:16":12,"s:149:26:152:9":64,"s:154:6:154:Infinity":65,"s:156:6:159:Infinity":66,"s:161:6:161:Infinity":67,"s:163:6:163:Infinity":68,"s:164:6:164:Infinity":69,"s:168:27:190:Infinity":70,"f:168:27:168:34":13,"s:169:4:190:Infinity":71,"s:170:6:173:Infinity":72,"f:170:6:170:16":14,"s:170:26:173:9":73,"f:172:35:172:43":15,"s:172:52:172:Infinity":74,"s:175:6:175:Infinity":75,"s:177:6:177:Infinity":76,"s:178:6:178:Infinity":77,"s:180:24:186:Infinity":78,"f:180:24:180:36":16,"s:181:8:186:Infinity":79,"s:182:27:182:57":80,"s:183:28:183:56":81,"s:184:10:184:Infinity":82,"s:186:10:186:Infinity":83,"s:190:6:190:Infinity":84,"s:194:8:200:Infinity":85,"f:194:8:194:Infinity":17,"s:199:4:199:Infinity":86,"s:200:4:200:Infinity":87,"s:203:8:205:Infinity":88,"f:203:8:203:26":18,"s:204:4:204:Infinity":89,"s:205:4:205:Infinity":90,"s:208:21:262:Infinity":91,"f:208:21:208:Infinity":19,"s:212:4:212:Infinity":92,"b:214:4:214:Infinity:undefined:undefined:undefined:undefined":8,"s:214:4:214:Infinity":93,"s:214:22:214:Infinity":94,"s:216:35:216:Infinity":95,"b:218:4:220:Infinity:undefined:undefined:undefined:undefined":9,"s:218:4:220:Infinity":96,"s:219:6:219:Infinity":97,"s:220:6:220:Infinity":98,"b:223:4:226:Infinity:undefined:undefined:undefined:undefined":10,"s:223:4:226:Infinity":99,"b:223:8:223:20:223:20:223:35":11,"s:224:6:224:Infinity":100,"s:225:6:225:Infinity":101,"s:226:6:226:Infinity":102,"s:229:4:236:Infinity":103,"f:229:4:229:14":20,"s:229:24:236:7":104,"f:231:41:231:49":21,"s:231:55:231:72":105,"s:238:4:238:Infinity":106,"s:240:4:259:Infinity":107,"s:242:8:246:Infinity":108,"b:243:12:243:Infinity:244:12:246:Infinity":12,"b:245:12:245:Infinity:246:12:246:Infinity":13,"s:248:6:248:Infinity":109,"s:250:6:250:Infinity":110,"s:251:6:251:Infinity":111,"s:253:6:257:Infinity":112,"f:253:6:253:16":22,"s:253:26:257:9":113,"f:256:47:256:55":23,"s:256:61:256:Infinity":114,"s:259:6:259:Infinity":115,"s:262:4:262:Infinity":116,"b:265:2:281:Infinity:undefined:undefined:undefined:undefined":14,"s:265:2:281:Infinity":117,"s:266:4:281:Infinity":118,"s:285:2:373:Infinity":119,"f:296:19:296:24":24,"s:297:12:362:Infinity":120,"f:301:14:301:23":25,"s:301:29:301:53":121,"b:306:19:306:47:306:47:306:Infinity":15,"b:312:18:350:Infinity:353:18:358:Infinity":16,"b:311:17:311:37:311:37:311:Infinity":17,"f:312:35:312:40":26,"s:313:20:350:Infinity":122,"f:317:22:317:36":27,"s:317:42:317:77":123,"b:319:62:319:68:319:68:319:Infinity":18,"b:321:55:321:64:321:64:321:Infinity":19,"b:326:23:326:Infinity:327:24:329:Infinity":20,"b:334:27:334:Infinity:335:28:340:27":21,"f:342:28:342:43":28,"s:342:43:342:79":124,"b:367:7:367:Infinity:368:8:373:Infinity":22}}}
,"C:\\Users\\gabri\\Desktop\\past_developer\\projects\\auth_project\\auth_project_frontend\\src\\pages\\Home.tsx": {"path":"C:\\Users\\gabri\\Desktop\\past_developer\\projects\\auth_project\\auth_project_frontend\\src\\pages\\Home.tsx","statementMap":{"0":{"start":{"line":14,"column":8},"end":{"line":14,"column":32}},"1":{"start":{"line":16,"column":8},"end":{"line":17,"column":null}},"2":{"start":{"line":17,"column":4},"end":{"line":17,"column":null}},"3":{"start":{"line":21,"column":19},"end":{"line":43,"column":null}},"4":{"start":{"line":45,"column":2},"end":{"line":164,"column":null}},"5":{"start":{"line":75,"column":18},"end":{"line":77,"column":null}},"6":{"start":{"line":125,"column":12},"end":{"line":125,"column":null}},"7":{"start":{"line":137,"column":29},"end":{"line":137,"column":50}}},"fnMap":{"0":{"name":"Home","decl":{"start":{"line":13,"column":24},"end":{"line":13,"column":31}},"loc":{"start":{"line":13,"column":31},"end":{"line":164,"column":null}},"line":13},"1":{"name":"(anonymous_1)","decl":{"start":{"line":16,"column":8},"end":{"line":16,"column":33}},"loc":{"start":{"line":16,"column":33},"end":{"line":17,"column":null}},"line":16},"2":{"name":"(anonymous_2)","decl":{"start":{"line":74,"column":27},"end":{"line":74,"column":32}},"loc":{"start":{"line":75,"column":18},"end":{"line":77,"column":null}},"line":75},"3":{"name":"(anonymous_3)","decl":{"start":{"line":124,"column":20},"end":{"line":124,"column":25}},"loc":{"start":{"line":125,"column":12},"end":{"line":125,"column":null}},"line":125},"4":{"name":"(anonymous_4)","decl":{"start":{"line":137,"column":14},"end":{"line":137,"column":29}},"loc":{"start":{"line":137,"column":29},"end":{"line":137,"column":50}},"line":137}},"branchMap":{},"s":{"0":1,"1":1,"2":0,"3":1,"4":1,"5":3,"6":3,"7":0},"f":{"0":1,"1":0,"2":3,"3":3,"4":0},"b":{},"meta":{"lastBranch":0,"lastFunction":5,"lastStatement":8,"seen":{"f:13:24:13:31":0,"s:14:8:14:32":0,"s:16:8:17:Infinity":1,"f:16:8:16:33":1,"s:17:4:17:Infinity":2,"s:21:19:43:Infinity":3,"s:45:2:164:Infinity":4,"f:74:27:74:32":2,"s:75:18:77:Infinity":5,"f:124:20:124:25":3,"s:125:12:125:Infinity":6,"f:137:14:137:29":4,"s:137:29:137:50":7}}}
,"C:\\Users\\gabri\\Desktop\\past_developer\\projects\\auth_project\\auth_project_frontend\\src\\pages\\Login.tsx": {"path":"C:\\Users\\gabri\\Desktop\\past_developer\\projects\\auth_project\\auth_project_frontend\\src\\pages\\Login.tsx","statementMap":{"0":{"start":{"line":10,"column":8},"end":{"line":10,"column":32}},"1":{"start":{"line":11,"column":8},"end":{"line":11,"column":24}},"2":{"start":{"line":12,"column":19},"end":{"line":15,"column":4}},"3":{"start":{"line":17,"column":8},"end":{"line":22,"column":null}},"4":{"start":{"line":18,"column":28},"end":{"line":18,"column":null}},"5":{"start":{"line":19,"column":4},"end":{"line":22,"column":null}},"6":{"start":{"line":19,"column":41},"end":{"line":22,"column":7}},"7":{"start":{"line":25,"column":23},"end":{"line":46,"column":null}},"8":{"start":{"line":26,"column":4},"end":{"line":26,"column":null}},"9":{"start":{"line":28,"column":4},"end":{"line":46,"column":null}},"10":{"start":{"line":29,"column":22},"end":{"line":32,"column":null}},"11":{"start":{"line":34,"column":23},"end":{"line":34,"column":48}},"12":{"start":{"line":36,"column":6},"end":{"line":37,"column":null}},"13":{"start":{"line":37,"column":8},"end":{"line":37,"column":null}},"14":{"start":{"line":40,"column":6},"end":{"line":40,"column":null}},"15":{"start":{"line":42,"column":6},"end":{"line":42,"column":null}},"16":{"start":{"line":44,"column":6},"end":{"line":44,"column":null}},"17":{"start":{"line":46,"column":6},"end":{"line":46,"column":null}},"18":{"start":{"line":50,"column":8},"end":{"line":52,"column":null}},"19":{"start":{"line":51,"column":4},"end":{"line":51,"column":null}},"20":{"start":{"line":52,"column":4},"end":{"line":52,"column":null}},"21":{"start":{"line":55,"column":2},"end":{"line":106,"column":null}}},"fnMap":{"0":{"name":"Login","decl":{"start":{"line":9,"column":24},"end":{"line":9,"column":32}},"loc":{"start":{"line":9,"column":32},"end":{"line":106,"column":null}},"line":9},"1":{"name":"(anonymous_1)","decl":{"start":{"line":17,"column":8},"end":{"line":17,"column":29}},"loc":{"start":{"line":17,"column":72},"end":{"line":22,"column":null}},"line":17},"2":{"name":"(anonymous_2)","decl":{"start":{"line":19,"column":4},"end":{"line":19,"column":17}},"loc":{"start":{"line":19,"column":41},"end":{"line":22,"column":7}},"line":19},"3":{"name":"(anonymous_3)","decl":{"start":{"line":25,"column":23},"end":{"line":25,"column":30}},"loc":{"start":{"line":25,"column":53},"end":{"line":46,"column":null}},"line":25},"4":{"name":"(anonymous_4)","decl":{"start":{"line":50,"column":8},"end":{"line":50,"column":32}},"loc":{"start":{"line":50,"column":75},"end":{"line":52,"column":null}},"line":50}},"branchMap":{"0":{"loc":{"start":{"line":36,"column":6},"end":{"line":37,"column":null}},"type":"if","locations":[{"start":{"line":36,"column":6},"end":{"line":37,"column":null}},{"start":{},"end":{}}],"line":36},"1":{"loc":{"start":{"line":69,"column":19},"end":{"line":69,"column":null}},"type":"binary-expr","locations":[{"start":{"line":69,"column":19},"end":{"line":69,"column":38}},{"start":{"line":69,"column":38},"end":{"line":69,"column":null}}],"line":69},"2":{"loc":{"start":{"line":82,"column":19},"end":{"line":82,"column":null}},"type":"binary-expr","locations":[{"start":{"line":82,"column":19},"end":{"line":82,"column":41}},{"start":{"line":82,"column":41},"end":{"line":82,"column":null}}],"line":82}},"s":{"0":65,"1":65,"2":65,"3":65,"4":60,"5":60,"6":60,"7":65,"8":3,"9":3,"10":3,"11":3,"12":2,"13":0,"14":1,"15":1,"16":1,"17":2,"18":65,"19":0,"20":0,"21":65},"f":{"0":65,"1":60,"2":60,"3":3,"4":0},"b":{"0":[0,2],"1":[65,3],"2":[65,45]},"meta":{"lastBranch":3,"lastFunction":5,"lastStatement":22,"seen":{"f:9:24:9:32":0,"s:10:8:10:32":0,"s:11:8:11:24":1,"s:12:19:15:4":2,"s:17:8:22:Infinity":3,"f:17:8:17:29":1,"s:18:28:18:Infinity":4,"s:19:4:22:Infinity":5,"f:19:4:19:17":2,"s:19:41:22:7":6,"s:25:23:46:Infinity":7,"f:25:23:25:30":3,"s:26:4:26:Infinity":8,"s:28:4:46:Infinity":9,"s:29:22:32:Infinity":10,"s:34:23:34:48":11,"b:36:6:37:Infinity:undefined:undefined:undefined:undefined":0,"s:36:6:37:Infinity":12,"s:37:8:37:Infinity":13,"s:40:6:40:Infinity":14,"s:42:6:42:Infinity":15,"s:44:6:44:Infinity":16,"s:46:6:46:Infinity":17,"s:50:8:52:Infinity":18,"f:50:8:50:32":4,"s:51:4:51:Infinity":19,"s:52:4:52:Infinity":20,"s:55:2:106:Infinity":21,"b:69:19:69:38:69:38:69:Infinity":1,"b:82:19:82:41:82:41:82:Infinity":2}}}
,"C:\\Users\\gabri\\Desktop\\past_developer\\projects\\auth_project\\auth_project_frontend\\src\\pages\\Register.tsx": {"path":"C:\\Users\\gabri\\Desktop\\past_developer\\projects\\auth_project\\auth_project_frontend\\src\\pages\\Register.tsx","statementMap":{"0":{"start":{"line":9,"column":19},"end":{"line":14,"column":4}},"1":{"start":{"line":15,"column":8},"end":{"line":15,"column":32}},"2":{"start":{"line":17,"column":8},"end":{"line":22,"column":null}},"3":{"start":{"line":18,"column":28},"end":{"line":18,"column":null}},"4":{"start":{"line":19,"column":4},"end":{"line":22,"column":null}},"5":{"start":{"line":19,"column":44},"end":{"line":22,"column":7}},"6":{"start":{"line":25,"column":23},"end":{"line":49,"column":null}},"7":{"start":{"line":26,"column":4},"end":{"line":26,"column":null}},"8":{"start":{"line":28,"column":4},"end":{"line":30,"column":null}},"9":{"start":{"line":29,"column":6},"end":{"line":29,"column":null}},"10":{"start":{"line":30,"column":6},"end":{"line":30,"column":null}},"11":{"start":{"line":33,"column":4},"end":{"line":49,"column":null}},"12":{"start":{"line":34,"column":22},"end":{"line":40,"column":null}},"13":{"start":{"line":42,"column":23},"end":{"line":42,"column":51}},"14":{"start":{"line":44,"column":6},"end":{"line":46,"column":null}},"15":{"start":{"line":45,"column":8},"end":{"line":45,"column":null}},"16":{"start":{"line":46,"column":8},"end":{"line":46,"column":null}},"17":{"start":{"line":49,"column":6},"end":{"line":49,"column":null}},"18":{"start":{"line":53,"column":2},"end":{"line":114,"column":null}}},"fnMap":{"0":{"name":"Register","decl":{"start":{"line":8,"column":24},"end":{"line":8,"column":35}},"loc":{"start":{"line":8,"column":35},"end":{"line":114,"column":null}},"line":8},"1":{"name":"(anonymous_1)","decl":{"start":{"line":17,"column":8},"end":{"line":17,"column":29}},"loc":{"start":{"line":17,"column":72},"end":{"line":22,"column":null}},"line":17},"2":{"name":"(anonymous_2)","decl":{"start":{"line":19,"column":4},"end":{"line":19,"column":17}},"loc":{"start":{"line":19,"column":44},"end":{"line":22,"column":7}},"line":19},"3":{"name":"(anonymous_3)","decl":{"start":{"line":25,"column":23},"end":{"line":25,"column":30}},"loc":{"start":{"line":25,"column":53},"end":{"line":49,"column":null}},"line":25}},"branchMap":{"0":{"loc":{"start":{"line":28,"column":4},"end":{"line":30,"column":null}},"type":"if","locations":[{"start":{"line":28,"column":4},"end":{"line":30,"column":null}},{"start":{},"end":{}}],"line":28},"1":{"loc":{"start":{"line":44,"column":6},"end":{"line":46,"column":null}},"type":"if","locations":[{"start":{"line":44,"column":6},"end":{"line":46,"column":null}},{"start":{},"end":{}}],"line":44},"2":{"loc":{"start":{"line":67,"column":19},"end":{"line":67,"column":null}},"type":"binary-expr","locations":[{"start":{"line":67,"column":19},"end":{"line":67,"column":37}},{"start":{"line":67,"column":37},"end":{"line":67,"column":null}}],"line":67},"3":{"loc":{"start":{"line":79,"column":19},"end":{"line":79,"column":null}},"type":"binary-expr","locations":[{"start":{"line":79,"column":19},"end":{"line":79,"column":38}},{"start":{"line":79,"column":38},"end":{"line":79,"column":null}}],"line":79},"4":{"loc":{"start":{"line":92,"column":19},"end":{"line":92,"column":null}},"type":"binary-expr","locations":[{"start":{"line":92,"column":19},"end":{"line":92,"column":41}},{"start":{"line":92,"column":41},"end":{"line":92,"column":null}}],"line":92},"5":{"loc":{"start":{"line":104,"column":19},"end":{"line":104,"column":null}},"type":"binary-expr","locations":[{"start":{"line":104,"column":19},"end":{"line":104,"column":49}},{"start":{"line":104,"column":49},"end":{"line":104,"column":null}}],"line":104}},"s":{"0":19,"1":19,"2":19,"3":14,"4":14,"5":14,"6":19,"7":3,"8":3,"9":1,"10":1,"11":2,"12":2,"13":2,"14":1,"15":1,"16":1,"17":1,"18":19},"f":{"0":19,"1":14,"2":14,"3":3},"b":{"0":[1,2],"1":[1,0],"2":[19,5],"3":[19,9],"4":[19,13],"5":[19,16]},"meta":{"lastBranch":6,"lastFunction":4,"lastStatement":19,"seen":{"f:8:24:8:35":0,"s:9:19:14:4":0,"s:15:8:15:32":1,"s:17:8:22:Infinity":2,"f:17:8:17:29":1,"s:18:28:18:Infinity":3,"s:19:4:22:Infinity":4,"f:19:4:19:17":2,"s:19:44:22:7":5,"s:25:23:49:Infinity":6,"f:25:23:25:30":3,"s:26:4:26:Infinity":7,"b:28:4:30:Infinity:undefined:undefined:undefined:undefined":0,"s:28:4:30:Infinity":8,"s:29:6:29:Infinity":9,"s:30:6:30:Infinity":10,"s:33:4:49:Infinity":11,"s:34:22:40:Infinity":12,"s:42:23:42:51":13,"b:44:6:46:Infinity:undefined:undefined:undefined:undefined":1,"s:44:6:46:Infinity":14,"s:45:8:45:Infinity":15,"s:46:8:46:Infinity":16,"s:49:6:49:Infinity":17,"s:53:2:114:Infinity":18,"b:67:19:67:37:67:37:67:Infinity":2,"b:79:19:79:38:79:38:79:Infinity":3,"b:92:19:92:41:92:41:92:Infinity":4,"b:104:19:104:49:104:49:104:Infinity":5}}}
,"C:\\Users\\gabri\\Desktop\\past_developer\\projects\\auth_project\\auth_project_frontend\\src\\styles\\AuthLayout.css": {"path":"C:\\Users\\gabri\\Desktop\\past_developer\\projects\\auth_project\\auth_project_frontend\\src\\styles\\AuthLayout.css","statementMap":{},"fnMap":{},"branchMap":{},"s":{},"f":{},"b":{},"meta":{"lastBranch":0,"lastFunction":0,"lastStatement":0,"seen":{}}}
,"C:\\Users\\gabri\\Desktop\\past_developer\\projects\\auth_project\\auth_project_frontend\\src\\styles\\Dashboard.css": {"path":"C:\\Users\\gabri\\Desktop\\past_developer\\projects\\auth_project\\auth_project_frontend\\src\\styles\\Dashboard.css","statementMap":{},"fnMap":{},"branchMap":{},"s":{},"f":{},"b":{},"meta":{"lastBranch":0,"lastFunction":0,"lastStatement":0,"seen":{}}}
,"C:\\Users\\gabri\\Desktop\\past_developer\\projects\\auth_project\\auth_project_frontend\\src\\styles\\Home.css": {"path":"C:\\Users\\gabri\\Desktop\\past_developer\\projects\\auth_project\\auth_project_frontend\\src\\styles\\Home.css","statementMap":{},"fnMap":{},"branchMap":{},"s":{},"f":{},"b":{},"meta":{"lastBranch":0,"lastFunction":0,"lastStatement":0,"seen":{}}}
,"C:\\Users\\gabri\\Desktop\\past_developer\\projects\\auth_project\\auth_project_frontend\\src\\test\\test-utils\\test-utils.tsx": {"path":"C:\\Users\\gabri\\Desktop\\past_developer\\projects\\auth_project\\auth_project_frontend\\src\\test\\test-utils\\test-utils.tsx","statementMap":{"0":{"start":{"line":7,"column":2},"end":{"line":11,"column":null}}},"fnMap":{"0":{"name":"renderWithProviders","decl":{"start":{"line":6,"column":16},"end":{"line":6,"column":36}},"loc":{"start":{"line":6,"column":51},"end":{"line":11,"column":null}},"line":6}},"branchMap":{},"s":{"0":38},"f":{"0":38},"b":{},"meta":{"lastBranch":0,"lastFunction":1,"lastStatement":1,"seen":{"f:6:16:6:36":0,"s:7:2:11:Infinity":0}}}
,"C:\\Users\\gabri\\Desktop\\past_developer\\projects\\auth_project\\auth_project_frontend\\src\\types\\enums\\situation.enum.ts": {"path":"C:\\Users\\gabri\\Desktop\\past_developer\\projects\\auth_project\\auth_project_frontend\\src\\types\\enums\\situation.enum.ts","statementMap":{"0":{"start":{"line":1,"column":25},"end":{"line":5,"column":null}}},"fnMap":{},"branchMap":{},"s":{"0":2},"f":{},"b":{},"meta":{"lastBranch":0,"lastFunction":0,"lastStatement":1,"seen":{"s:1:25:5:Infinity":0}}}
}
