TN:
SF:src\App.tsx
FN:9,App
FNF:1
FNH:1
FNDA:1,App
DA:10,1
LF:1
LH:1
BRF:0
BRH:0
end_of_record
TN:
SF:src\api.ts
FN:17,(anonymous_0)
FN:18,(anonymous_1)
FN:24,(anonymous_2)
FN:38,(anonymous_3)
FN:45,(anonymous_4)
FN:57,(anonymous_5)
FN:62,(anonymous_6)
FN:72,(anonymous_7)
FN:79,(anonymous_8)
FN:86,(anonymous_9)
FN:102,(anonymous_10)
FNF:11
FNH:8
FNDA:0,(anonymous_0)
FNDA:0,(anonymous_1)
FNDA:0,(anonymous_2)
FNDA:1,(anonymous_3)
FNDA:1,(anonymous_4)
FNDA:1,(anonymous_5)
FNDA:1,(anonymous_6)
FNDA:1,(anonymous_7)
FNDA:1,(anonymous_8)
FNDA:1,(anonymous_9)
FNDA:2,(anonymous_10)
DA:8,2
DA:17,2
DA:18,0
DA:20,0
DA:21,0
DA:23,0
DA:24,0
DA:25,0
DA:26,0
DA:28,0
DA:31,0
DA:34,0
DA:38,2
DA:39,1
DA:42,1
DA:45,2
DA:46,1
DA:47,1
DA:50,1
DA:52,0
DA:53,0
DA:57,2
DA:58,1
DA:59,1
DA:62,2
DA:66,1
DA:69,1
DA:72,2
DA:73,1
DA:76,1
DA:79,2
DA:80,1
DA:83,1
DA:86,2
DA:91,1
DA:99,1
DA:102,2
DA:103,2
DA:104,2
DA:107,1
DA:109,1
DA:110,1
LF:42
LH:30
BRDA:20,0,0,0
BRDA:20,0,1,0
BRDA:23,1,0,0
BRDA:23,1,1,0
BRDA:25,2,0,0
BRDA:25,2,1,0
BRF:6
BRH:0
end_of_record
TN:
SF:src\commons\contexts\AuthContext.tsx
FNF:0
FNH:0
DA:8,5
LF:1
LH:1
BRF:0
BRH:0
end_of_record
TN:
SF:src\commons\contexts\AuthProvider.tsx
FN:8,AuthProvider
FN:12,(anonymous_1)
FNF:2
FNH:2
FNDA:29,AuthProvider
FNDA:29,(anonymous_1)
DA:9,29
DA:12,29
DA:13,29
DA:20,29
LF:4
LH:4
BRF:0
BRH:0
end_of_record
TN:
SF:src\commons\hooks\useAuth.tsx
FN:4,useAuth
FNF:1
FNH:1
FNDA:65,useAuth
DA:5,65
DA:7,65
DA:8,0
DA:11,65
LF:4
LH:3
BRDA:7,0,0,0
BRDA:7,0,1,65
BRF:2
BRH:1
end_of_record
TN:
SF:src\components\Home\FeatureCard.tsx
FN:13,FeatureCard
FNF:1
FNH:1
FNDA:3,FeatureCard
DA:14,3
LF:1
LH:1
BRF:0
BRH:0
end_of_record
TN:
SF:src\components\_shared_\AuthLayout.tsx
FN:13,AuthLayout
FN:21,(anonymous_1)
FN:25,(anonymous_2)
FN:29,(anonymous_3)
FN:35,(anonymous_4)
FNF:5
FNH:1
FNDA:84,AuthLayout
FNDA:0,(anonymous_1)
FNDA:0,(anonymous_2)
FNDA:0,(anonymous_3)
FNDA:0,(anonymous_4)
DA:19,84
DA:21,84
DA:22,0
DA:25,84
DA:26,0
DA:29,84
DA:30,0
DA:31,0
DA:35,84
DA:36,0
DA:37,0
DA:41,84
LF:12
LH:6
BRDA:30,0,0,0
BRDA:30,0,1,0
BRDA:30,1,0,0
BRDA:30,1,1,0
BRDA:36,2,0,0
BRDA:36,2,1,0
BRDA:36,3,0,0
BRDA:36,3,1,0
BRDA:60,4,0,65
BRDA:60,4,1,19
BRDA:64,5,0,65
BRDA:64,5,1,19
BRF:12
BRH:4
end_of_record
TN:
SF:src\components\_shared_\Header.tsx
FN:11,Header
FN:18,(anonymous_1)
FN:25,(anonymous_2)
FN:36,(anonymous_3)
FNF:4
FNH:2
FNDA:114,Header
FNDA:0,(anonymous_1)
FNDA:0,(anonymous_2)
FNDA:3,(anonymous_3)
DA:17,114
DA:18,114
DA:19,0
DA:21,114
DA:25,0
DA:37,3
LF:6
LH:4
BRDA:29,0,0,29
BRDA:29,0,1,85
BRDA:37,1,0,3
BRDA:37,1,1,0
BRF:4
BRH:3
end_of_record
TN:
SF:src\components\modals\AddTaskModal.tsx
FN:5,AddTaskModal
FN:12,(anonymous_1)
FN:13,(anonymous_2)
FN:16,(anonymous_3)
FN:35,(anonymous_4)
FN:49,(anonymous_5)
FN:60,(anonymous_6)
FNF:7
FNH:5
FNDA:11,AddTaskModal
FNDA:0,(anonymous_1)
FNDA:6,(anonymous_2)
FNDA:1,(anonymous_3)
FNDA:4,(anonymous_4)
FNDA:0,(anonymous_5)
FNDA:1,(anonymous_6)
DA:11,11
DA:12,0
DA:13,6
DA:16,1
DA:36,4
DA:50,0
DA:60,1
LF:7
LH:5
BRF:0
BRH:0
end_of_record
TN:
SF:src\pages\Dashboard.tsx
FN:37,(anonymous_0)
FN:39,(anonymous_1)
FN:40,(anonymous_2)
FN:43,(anonymous_3)
FN:47,Dashboard
FN:61,(anonymous_5)
FN:66,(anonymous_6)
FN:67,(anonymous_7)
FN:72,(anonymous_8)
FN:98,(anonymous_9)
FN:101,(anonymous_10)
FN:120,(anonymous_11)
FN:149,(anonymous_12)
FN:168,(anonymous_13)
FN:170,(anonymous_14)
FN:172,(anonymous_15)
FN:180,(anonymous_16)
FN:194,(anonymous_17)
FN:203,(anonymous_18)
FN:208,(anonymous_19)
FN:229,(anonymous_20)
FN:231,(anonymous_21)
FN:253,(anonymous_22)
FN:256,(anonymous_23)
FN:296,(anonymous_24)
FN:301,(anonymous_25)
FN:312,(anonymous_26)
FN:317,(anonymous_27)
FN:342,(anonymous_28)
FNF:29
FNH:29
FNDA:11,(anonymous_0)
FNDA:6,(anonymous_1)
FNDA:6,(anonymous_2)
FNDA:6,(anonymous_3)
FNDA:66,Dashboard
FNDA:198,(anonymous_5)
FNDA:14,(anonymous_6)
FNDA:14,(anonymous_7)
FNDA:2,(anonymous_8)
FNDA:26,(anonymous_9)
FNDA:11,(anonymous_10)
FNDA:3,(anonymous_11)
FNDA:1,(anonymous_12)
FNDA:2,(anonymous_13)
FNDA:2,(anonymous_14)
FNDA:2,(anonymous_15)
FNDA:1,(anonymous_16)
FNDA:3,(anonymous_17)
FNDA:1,(anonymous_18)
FNDA:3,(anonymous_19)
FNDA:2,(anonymous_20)
FNDA:2,(anonymous_21)
FNDA:1,(anonymous_22)
FNDA:1,(anonymous_23)
FNDA:87,(anonymous_24)
FNDA:3,(anonymous_25)
FNDA:15,(anonymous_26)
FNDA:3,(anonymous_27)
FNDA:2,(anonymous_28)
DA:25,2
DA:31,2
DA:37,2
DA:38,11
DA:39,6
DA:41,6
DA:43,6
DA:48,66
DA:49,66
DA:50,66
DA:51,66
DA:52,66
DA:53,66
DA:55,66
DA:60,66
DA:61,66
DA:62,198
DA:65,66
DA:66,66
DA:67,14
DA:68,14
DA:69,14
DA:71,14
DA:72,3
DA:73,2
DA:74,1
DA:77,2
DA:78,1
DA:79,1
DA:82,1
DA:83,1
DA:86,12
DA:87,12
DA:88,12
DA:91,1
DA:92,1
DA:96,14
DA:98,66
DA:99,26
DA:101,11
DA:102,11
DA:103,11
DA:104,11
DA:108,10
DA:109,10
DA:111,1
DA:112,1
DA:114,11
DA:118,11
DA:120,66
DA:121,3
DA:123,3
DA:124,1
DA:125,1
DA:128,2
DA:129,0
DA:130,0
DA:133,2
DA:134,2
DA:140,2
DA:142,1
DA:149,1
DA:154,1
DA:156,1
DA:161,1
DA:163,1
DA:164,1
DA:168,66
DA:169,2
DA:170,2
DA:172,2
DA:175,2
DA:177,1
DA:178,1
DA:180,1
DA:181,1
DA:182,1
DA:183,1
DA:184,1
DA:186,0
DA:190,1
DA:194,66
DA:199,3
DA:200,3
DA:203,66
DA:204,1
DA:205,1
DA:208,66
DA:212,3
DA:214,3
DA:216,3
DA:218,3
DA:219,1
DA:220,1
DA:223,2
DA:224,0
DA:225,0
DA:226,0
DA:229,2
DA:231,2
DA:238,2
DA:240,2
DA:242,2
DA:248,3
DA:250,1
DA:251,1
DA:253,1
DA:256,1
DA:259,2
DA:262,2
DA:265,66
DA:266,37
DA:285,29
DA:297,87
DA:301,3
DA:313,15
DA:317,3
DA:342,2
LF:118
LH:112
BRDA:71,0,0,3
BRDA:71,0,1,11
BRDA:73,1,0,1
BRDA:73,1,1,1
BRDA:77,2,0,1
BRDA:77,2,1,1
BRDA:86,3,0,12
BRDA:86,3,1,0
BRDA:99,4,0,15
BRDA:99,4,1,11
BRDA:99,5,0,26
BRDA:99,5,1,12
BRDA:123,6,0,1
BRDA:123,6,1,2
BRDA:128,7,0,0
BRDA:128,7,1,2
BRDA:214,8,0,0
BRDA:214,8,1,3
BRDA:218,9,0,1
BRDA:218,9,1,2
BRDA:223,10,0,0
BRDA:223,10,1,2
BRDA:223,11,0,2
BRDA:223,11,1,2
BRDA:242,12,0,0
BRDA:242,12,1,2
BRDA:244,13,0,1
BRDA:244,13,1,1
BRDA:265,14,0,37
BRDA:265,14,1,29
BRDA:306,15,0,87
BRDA:306,15,1,72
BRDA:311,16,0,15
BRDA:311,16,1,72
BRDA:311,17,0,87
BRDA:311,17,1,87
BRDA:319,18,0,2
BRDA:319,18,1,13
BRDA:321,19,0,2
BRDA:321,19,1,13
BRDA:326,20,0,15
BRDA:326,20,1,1
BRDA:334,21,0,15
BRDA:334,21,1,2
BRDA:367,22,0,29
BRDA:367,22,1,6
BRF:46
BRH:41
end_of_record
TN:
SF:src\pages\Home.tsx
FN:13,Home
FN:16,(anonymous_1)
FN:74,(anonymous_2)
FN:124,(anonymous_3)
FN:137,(anonymous_4)
FNF:5
FNH:3
FNDA:1,Home
FNDA:0,(anonymous_1)
FNDA:3,(anonymous_2)
FNDA:3,(anonymous_3)
FNDA:0,(anonymous_4)
DA:14,1
DA:16,1
DA:17,0
DA:21,1
DA:45,1
DA:75,3
DA:125,3
DA:137,0
LF:8
LH:6
BRF:0
BRH:0
end_of_record
TN:
SF:src\pages\Login.tsx
FN:9,Login
FN:17,(anonymous_1)
FN:19,(anonymous_2)
FN:25,(anonymous_3)
FN:50,(anonymous_4)
FNF:5
FNH:4
FNDA:65,Login
FNDA:60,(anonymous_1)
FNDA:60,(anonymous_2)
FNDA:3,(anonymous_3)
FNDA:0,(anonymous_4)
DA:10,65
DA:11,65
DA:12,65
DA:17,65
DA:18,60
DA:19,60
DA:25,65
DA:26,3
DA:28,3
DA:29,3
DA:34,3
DA:36,2
DA:37,0
DA:40,1
DA:42,1
DA:44,1
DA:46,2
DA:50,65
DA:51,0
DA:52,0
DA:55,65
LF:21
LH:18
BRDA:36,0,0,0
BRDA:36,0,1,2
BRDA:69,1,0,65
BRDA:69,1,1,3
BRDA:82,2,0,65
BRDA:82,2,1,45
BRF:6
BRH:5
end_of_record
TN:
SF:src\pages\Register.tsx
FN:8,Register
FN:17,(anonymous_1)
FN:19,(anonymous_2)
FN:25,(anonymous_3)
FNF:4
FNH:4
FNDA:19,Register
FNDA:14,(anonymous_1)
FNDA:14,(anonymous_2)
FNDA:3,(anonymous_3)
DA:9,19
DA:15,19
DA:17,19
DA:18,14
DA:19,14
DA:25,19
DA:26,3
DA:28,3
DA:29,1
DA:30,1
DA:33,2
DA:34,2
DA:42,2
DA:44,1
DA:45,1
DA:46,1
DA:49,1
DA:53,19
LF:18
LH:18
BRDA:28,0,0,1
BRDA:28,0,1,2
BRDA:44,1,0,1
BRDA:44,1,1,0
BRDA:67,2,0,19
BRDA:67,2,1,5
BRDA:79,3,0,19
BRDA:79,3,1,9
BRDA:92,4,0,19
BRDA:92,4,1,13
BRDA:104,5,0,19
BRDA:104,5,1,16
BRF:12
BRH:11
end_of_record
TN:
SF:src\styles\AuthLayout.css
FNF:0
FNH:0
LF:0
LH:0
BRF:0
BRH:0
end_of_record
TN:
SF:src\styles\Dashboard.css
FNF:0
FNH:0
LF:0
LH:0
BRF:0
BRH:0
end_of_record
TN:
SF:src\styles\Home.css
FNF:0
FNH:0
LF:0
LH:0
BRF:0
BRH:0
end_of_record
TN:
SF:src\test\test-utils\test-utils.tsx
FN:6,renderWithProviders
FNF:1
FNH:1
FNDA:27,renderWithProviders
DA:7,27
LF:1
LH:1
BRF:0
BRH:0
end_of_record
TN:
SF:src\types\enums\situation.enum.ts
FNF:0
FNH:0
DA:1,2
LF:1
LH:1
BRF:0
BRH:0
end_of_record
